TN:
SF:app/layout.tsx
FN:11,RootLayout
FNF:1
FNH:0
FNDA:0,RootLayout
DA:1,0
DA:2,0
DA:3,0
DA:4,0
DA:6,0
DA:11,0
LF:6
LH:0
BRF:0
BRH:0
end_of_record
TN:
SF:app/page.tsx
FN:55,LandingPage
FN:146,(anonymous_6)
FN:185,(anonymous_7)
FNF:3
FNH:0
FNDA:0,LandingPage
FNDA:0,(anonymous_6)
FNDA:0,(anonymous_7)
DA:3,0
DA:4,0
DA:5,0
DA:6,0
DA:7,0
DA:8,0
DA:10,0
DA:49,0
DA:55,0
DA:56,0
DA:147,0
DA:186,0
DA:187,0
LF:13
LH:0
BRF:0
BRH:0
end_of_record
TN:
SF:app/alerts/page.tsx
FN:46,AlertsPage
FN:68,(anonymous_5)
FN:72,(anonymous_6)
FN:89,(anonymous_7)
FN:104,(anonymous_8)
FN:105,(anonymous_9)
FN:111,(anonymous_10)
FN:112,(anonymous_11)
FN:169,(anonymous_12)
FN:189,(anonymous_13)
FN:209,(anonymous_14)
FN:246,(anonymous_15)
FN:264,(anonymous_16)
FN:288,(anonymous_17)
FN:302,(anonymous_18)
FN:324,(anonymous_19)
FN:338,(anonymous_20)
FN:358,(anonymous_21)
FN:391,(anonymous_22)
FN:410,(anonymous_23)
FN:426,(anonymous_24)
FN:437,(anonymous_25)
FNF:22
FNH:0
FNDA:0,AlertsPage
FNDA:0,(anonymous_5)
FNDA:0,(anonymous_6)
FNDA:0,(anonymous_7)
FNDA:0,(anonymous_8)
FNDA:0,(anonymous_9)
FNDA:0,(anonymous_10)
FNDA:0,(anonymous_11)
FNDA:0,(anonymous_12)
FNDA:0,(anonymous_13)
FNDA:0,(anonymous_14)
FNDA:0,(anonymous_15)
FNDA:0,(anonymous_16)
FNDA:0,(anonymous_17)
FNDA:0,(anonymous_18)
FNDA:0,(anonymous_19)
FNDA:0,(anonymous_20)
FNDA:0,(anonymous_21)
FNDA:0,(anonymous_22)
FNDA:0,(anonymous_23)
FNDA:0,(anonymous_24)
FNDA:0,(anonymous_25)
DA:3,0
DA:4,0
DA:5,0
DA:20,0
DA:46,0
DA:47,0
DA:64,0
DA:65,0
DA:66,0
DA:68,0
DA:69,0
DA:72,0
DA:73,0
DA:74,0
DA:76,0
DA:77,0
DA:78,0
DA:81,0
DA:82,0
DA:85,0
DA:89,0
DA:90,0
DA:91,0
DA:93,0
DA:94,0
DA:95,0
DA:97,0
DA:98,0
DA:100,0
DA:104,0
DA:105,0
DA:111,0
DA:112,0
DA:118,0
DA:169,0
DA:189,0
DA:209,0
DA:246,0
DA:264,0
DA:289,0
DA:302,0
DA:325,0
DA:338,0
DA:358,0
DA:391,0
DA:410,0
DA:426,0
DA:437,0
LF:48
LH:0
BRDA:81,0,0,0
BRDA:82,1,0,0
BRDA:82,1,1,0
BRDA:97,2,0,0
BRDA:97,2,1,0
BRDA:98,3,0,0
BRDA:98,3,1,0
BRDA:118,4,0,0
BRDA:142,5,0,0
BRDA:277,6,0,0
BRDA:313,7,0,0
BRDA:401,8,0,0
BRDA:468,9,0,0
BRF:13
BRH:0
end_of_record
TN:
SF:app/api/assistant/chat/route.ts
FN:8,POST
FNF:1
FNH:0
FNDA:0,POST
DA:1,0
DA:3,0
DA:5,0
DA:6,0
DA:8,0
DA:9,0
DA:10,0
DA:12,0
DA:13,0
DA:16,0
DA:17,0
DA:24,0
DA:25,0
LF:13
LH:0
BRDA:9,0,0,0
BRDA:12,1,0,0
BRF:2
BRH:0
end_of_record
TN:
SF:app/api/dashboard/model_a_v1_1/route.ts
FN:8,GET
FNF:1
FNH:0
FNDA:0,GET
DA:1,0
DA:3,0
DA:5,0
DA:6,0
DA:8,0
DA:9,0
DA:10,0
DA:12,0
DA:13,0
DA:16,0
DA:17,0
DA:18,0
DA:20,0
DA:21,0
DA:24,0
DA:32,0
DA:33,0
LF:17
LH:0
BRDA:9,0,0,0
BRDA:12,1,0,0
BRDA:18,2,0,0
BRDA:18,2,1,0
BRDA:20,3,0,0
BRF:5
BRH:0
end_of_record
TN:
SF:app/api/drift/summary/route.ts
FN:8,GET
FNF:1
FNH:0
FNDA:0,GET
DA:1,0
DA:3,0
DA:5,0
DA:6,0
DA:8,0
DA:9,0
DA:10,0
DA:12,0
DA:13,0
DA:16,0
DA:17,0
DA:18,0
DA:20,0
DA:21,0
DA:22,0
DA:24,0
DA:25,0
DA:30,0
DA:31,0
LF:19
LH:0
BRDA:9,0,0,0
BRDA:12,1,0,0
BRDA:21,2,0,0
BRDA:22,3,0,0
BRDA:24,4,0,0
BRDA:24,4,1,0
BRF:6
BRH:0
end_of_record
TN:
SF:app/api/health/route.ts
FN:7,GET
FNF:1
FNH:0
FNDA:0,GET
DA:1,0
DA:3,0
DA:5,0
DA:7,0
DA:8,0
DA:9,0
DA:12,0
DA:13,0
DA:14,0
LF:9
LH:0
BRDA:8,0,0,0
BRF:1
BRH:0
end_of_record
TN:
SF:app/api/insights/announcements/route.ts
FN:8,GET
FNF:1
FNH:0
FNDA:0,GET
DA:1,0
DA:3,0
DA:5,0
DA:6,0
DA:8,0
DA:9,0
DA:10,0
DA:12,0
DA:13,0
DA:16,0
DA:17,0
DA:18,0
DA:20,0
DA:21,0
DA:22,0
DA:24,0
DA:25,0
DA:30,0
DA:31,0
LF:19
LH:0
BRDA:9,0,0,0
BRDA:12,1,0,0
BRDA:21,2,0,0
BRDA:22,3,0,0
BRDA:24,4,0,0
BRDA:24,4,1,0
BRF:6
BRH:0
end_of_record
TN:
SF:app/api/insights/feature-importance/route.ts
FN:8,GET
FNF:1
FNH:0
FNDA:0,GET
DA:1,0
DA:3,0
DA:5,0
DA:6,0
DA:8,0
DA:9,0
DA:10,0
DA:12,0
DA:13,0
DA:16,0
DA:17,0
DA:18,0
DA:20,0
DA:21,0
DA:22,0
DA:24,0
DA:25,0
DA:30,0
DA:31,0
LF:19
LH:0
BRDA:9,0,0,0
BRDA:12,1,0,0
BRDA:21,2,0,0
BRDA:22,3,0,0
BRDA:24,4,0,0
BRDA:24,4,1,0
BRF:6
BRH:0
end_of_record
TN:
SF:app/api/loan/summary/route.ts
FN:8,GET
FNF:1
FNH:0
FNDA:0,GET
DA:1,0
DA:3,0
DA:5,0
DA:6,0
DA:8,0
DA:9,0
DA:10,0
DA:12,0
DA:13,0
DA:16,0
DA:17,0
DA:19,0
DA:20,0
DA:22,0
DA:27,0
DA:28,0
LF:16
LH:0
BRDA:9,0,0,0
BRDA:12,1,0,0
BRDA:20,2,0,0
BRF:3
BRH:0
end_of_record
TN:
SF:app/api/model/compare/route.ts
FN:8,GET
FNF:1
FNH:0
FNDA:0,GET
DA:1,0
DA:3,0
DA:5,0
DA:6,0
DA:8,0
DA:9,0
DA:10,0
DA:12,0
DA:13,0
DA:16,0
DA:17,0
DA:18,0
DA:19,0
DA:21,0
DA:22,0
DA:23,0
DA:25,0
DA:30,0
DA:31,0
LF:19
LH:0
BRDA:9,0,0,0
BRDA:12,1,0,0
BRDA:17,2,0,0
BRDA:17,2,1,0
BRDA:22,3,0,0
BRDA:23,4,0,0
BRF:6
BRH:0
end_of_record
TN:
SF:app/api/model/explainability/route.ts
FN:8,GET
FNF:1
FNH:0
FNDA:0,GET
DA:1,0
DA:3,0
DA:5,0
DA:6,0
DA:8,0
DA:9,0
DA:10,0
DA:12,0
DA:13,0
DA:16,0
DA:17,0
DA:18,0
DA:20,0
DA:21,0
DA:22,0
DA:24,0
DA:25,0
DA:30,0
DA:31,0
LF:19
LH:0
BRDA:9,0,0,0
BRDA:12,1,0,0
BRDA:21,2,0,0
BRDA:22,3,0,0
BRDA:24,4,0,0
BRDA:24,4,1,0
BRF:6
BRH:0
end_of_record
TN:
SF:app/api/model/status/summary/route.ts
FN:8,GET
FNF:1
FNH:0
FNDA:0,GET
DA:1,0
DA:3,0
DA:5,0
DA:6,0
DA:8,0
DA:9,0
DA:10,0
DA:12,0
DA:13,0
DA:16,0
DA:17,0
DA:19,0
DA:24,0
DA:25,0
LF:14
LH:0
BRDA:9,0,0,0
BRDA:12,1,0,0
BRDA:17,2,0,0
BRDA:17,2,1,0
BRF:4
BRH:0
end_of_record
TN:
SF:app/api/portfolio/attribution/route.ts
FN:8,GET
FNF:1
FNH:0
FNDA:0,GET
DA:1,0
DA:3,0
DA:5,0
DA:6,0
DA:8,0
DA:9,0
DA:10,0
DA:12,0
DA:13,0
DA:16,0
DA:17,0
DA:18,0
DA:19,0
DA:21,0
DA:22,0
DA:23,0
DA:24,0
DA:26,0
DA:31,0
DA:32,0
LF:20
LH:0
BRDA:9,0,0,0
BRDA:12,1,0,0
BRDA:22,2,0,0
BRDA:23,3,0,0
BRDA:24,4,0,0
BRF:5
BRH:0
end_of_record
TN:
SF:app/api/portfolio/performance/route.ts
FN:8,GET
FNF:1
FNH:0
FNDA:0,GET
DA:1,0
DA:3,0
DA:5,0
DA:6,0
DA:8,0
DA:9,0
DA:10,0
DA:12,0
DA:13,0
DA:16,0
DA:17,0
DA:18,0
DA:20,0
DA:21,0
DA:22,0
DA:24,0
DA:29,0
DA:30,0
LF:18
LH:0
BRDA:9,0,0,0
BRDA:12,1,0,0
BRDA:21,2,0,0
BRDA:22,3,0,0
BRF:4
BRH:0
end_of_record
TN:
SF:app/api/signals/live/route.ts
FN:8,GET
FNF:1
FNH:0
FNDA:0,GET
DA:1,0
DA:3,0
DA:5,0
DA:6,0
DA:8,0
DA:9,0
DA:10,0
DA:12,0
DA:13,0
DA:16,0
DA:17,0
DA:18,0
DA:19,0
DA:21,0
DA:22,0
DA:24,0
DA:29,0
DA:30,0
LF:18
LH:0
BRDA:9,0,0,0
BRDA:12,1,0,0
BRDA:17,2,0,0
BRDA:17,2,1,0
BRDA:19,3,0,0
BRDA:19,3,1,0
BRDA:22,4,0,0
BRF:7
BRH:0
end_of_record
TN:
SF:app/app/dashboard/page.tsx
FN:21,DashboardPage
FN:34,(anonymous_6)
FN:38,(anonymous_7)
FN:50,(anonymous_8)
FN:55,(anonymous_9)
FN:60,(anonymous_10)
FN:111,(anonymous_11)
FN:114,(anonymous_12)
FN:114,(anonymous_13)
FN:115,(anonymous_14)
FN:206,(anonymous_15)
FN:216,(anonymous_16)
FN:219,(anonymous_17)
FNF:13
FNH:0
FNDA:0,DashboardPage
FNDA:0,(anonymous_6)
FNDA:0,(anonymous_7)
FNDA:0,(anonymous_8)
FNDA:0,(anonymous_9)
FNDA:0,(anonymous_10)
FNDA:0,(anonymous_11)
FNDA:0,(anonymous_12)
FNDA:0,(anonymous_13)
FNDA:0,(anonymous_14)
FNDA:0,(anonymous_15)
FNDA:0,(anonymous_16)
FNDA:0,(anonymous_17)
DA:3,0
DA:4,0
DA:5,0
DA:6,0
DA:7,0
DA:8,0
DA:9,0
DA:11,0
DA:12,0
DA:21,0
DA:22,0
DA:23,0
DA:24,0
DA:25,0
DA:31,0
DA:32,0
DA:34,0
DA:35,0
DA:38,0
DA:39,0
DA:40,0
DA:42,0
DA:44,0
DA:45,0
DA:46,0
DA:49,0
DA:50,0
DA:54,0
DA:55,0
DA:59,0
DA:60,0
DA:63,0
DA:71,0
DA:104,0
DA:105,0
DA:107,0
DA:111,0
DA:112,0
DA:113,0
DA:114,0
DA:115,0
DA:120,0
DA:121,0
DA:207,0
DA:217,0
DA:219,0
LF:46
LH:0
BRDA:45,0,0,0
BRDA:45,0,1,0
BRDA:50,1,0,0
BRDA:50,1,1,0
BRDA:54,2,0,0
BRDA:54,2,1,0
BRDA:139,3,0,0
BRDA:158,4,0,0
BRDA:158,4,1,0
BRDA:170,5,0,0
BRDA:170,5,1,0
BRDA:182,6,0,0
BRDA:182,6,1,0
BRDA:194,7,0,0
BRDA:194,7,1,0
BRDA:205,8,0,0
BRDA:205,8,1,0
BRDA:241,9,0,0
BRDA:241,9,1,0
BRDA:244,10,0,0
BRDA:244,10,1,0
BRF:21
BRH:0
end_of_record
TN:
SF:app/assistant/page.tsx
FN:4,AssistantPage
FNF:1
FNH:0
FNDA:0,AssistantPage
DA:1,0
DA:2,0
DA:4,0
LF:3
LH:0
BRF:0
BRH:0
end_of_record
TN:
SF:app/insights/page.tsx
FN:4,InsightsPage
FNF:1
FNH:0
FNDA:0,InsightsPage
DA:1,0
DA:2,0
DA:4,0
LF:3
LH:0
BRF:0
BRH:0
end_of_record
TN:
SF:app/jobs/page.tsx
FN:4,JobsPage
FNF:1
FNH:0
FNDA:0,JobsPage
DA:1,0
DA:2,0
DA:4,0
LF:3
LH:0
BRF:0
BRH:0
end_of_record
TN:
SF:app/models/page.tsx
FN:4,ModelsPage
FNF:1
FNH:0
FNDA:0,ModelsPage
DA:1,0
DA:2,0
DA:4,0
LF:3
LH:0
BRF:0
BRH:0
end_of_record
TN:
SF:app/portfolio/page.tsx
FN:30,PortfolioPage
FN:36,(anonymous_6)
FN:40,(anonymous_7)
FN:61,(anonymous_8)
FN:65,(anonymous_9)
FN:71,(anonymous_10)
FN:78,(anonymous_11)
FN:90,(anonymous_12)
FN:91,(anonymous_13)
FN:169,(anonymous_14)
FN:187,(anonymous_15)
FN:294,(anonymous_16)
FNF:12
FNH:0
FNDA:0,PortfolioPage
FNDA:0,(anonymous_6)
FNDA:0,(anonymous_7)
FNDA:0,(anonymous_8)
FNDA:0,(anonymous_9)
FNDA:0,(anonymous_10)
FNDA:0,(anonymous_11)
FNDA:0,(anonymous_12)
FNDA:0,(anonymous_13)
FNDA:0,(anonymous_14)
FNDA:0,(anonymous_15)
FNDA:0,(anonymous_16)
DA:3,0
DA:5,0
DA:6,0
DA:7,0
DA:8,0
DA:9,0
DA:10,0
DA:19,0
DA:30,0
DA:31,0
DA:32,0
DA:33,0
DA:34,0
DA:36,0
DA:37,0
DA:40,0
DA:41,0
DA:42,0
DA:44,0
DA:45,0
DA:46,0
DA:47,0
DA:50,0
DA:51,0
DA:52,0
DA:54,0
DA:57,0
DA:61,0
DA:62,0
DA:65,0
DA:66,0
DA:67,0
DA:71,0
DA:72,0
DA:73,0
DA:78,0
DA:79,0
DA:80,0
DA:90,0
DA:91,0
DA:92,0
DA:93,0
DA:96,0
DA:97,0
DA:99,0
DA:110,0
DA:123,0
DA:169,0
DA:187,0
DA:294,0
LF:50
LH:0
BRDA:50,0,0,0
BRDA:50,0,1,0
BRDA:54,1,0,0
BRDA:54,1,1,0
BRDA:66,2,0,0
BRDA:72,3,0,0
BRDA:79,4,0,0
BRDA:110,5,0,0
BRDA:123,6,0,0
BRDA:123,7,0,0
BRDA:123,7,1,0
BRDA:159,8,0,0
BRDA:179,9,0,0
BRDA:183,10,0,0
BRDA:183,10,1,0
BRDA:185,11,0,0
BRDA:199,12,0,0
BRDA:199,12,1,0
BRDA:218,13,0,0
BRDA:218,13,1,0
BRDA:224,14,0,0
BRDA:229,15,0,0
BRDA:229,15,1,0
BRDA:234,16,0,0
BRDA:234,16,1,0
BRDA:246,17,0,0
BRDA:253,18,0,0
BRDA:253,18,1,0
BRDA:258,19,0,0
BRDA:258,19,1,0
BRDA:265,20,0,0
BRDA:265,20,1,0
BRDA:267,21,0,0
BRDA:267,21,1,0
BRDA:294,22,0,0
BRDA:294,22,1,0
BRDA:321,23,0,0
BRF:37
BRH:0
end_of_record
TN:
SF:app/settings/page.tsx
FN:7,SettingsPage
FNF:1
FNH:0
FNDA:0,SettingsPage
DA:1,0
DA:2,0
DA:3,0
DA:4,0
DA:5,0
DA:7,0
LF:6
LH:0
BRDA:26,0,0,0
BRDA:26,0,1,0
BRF:2
BRH:0
end_of_record
TN:
SF:app/stock/[ticker]/page.tsx
FN:24,StockDetailPage
FN:37,(anonymous_6)
FN:43,(anonymous_7)
FN:91,(anonymous_8)
FN:120,(anonymous_9)
FN:124,(anonymous_10)
FN:130,(anonymous_11)
FN:175,(anonymous_12)
FN:194,(anonymous_13)
FNF:9
FNH:0
FNDA:0,StockDetailPage
FNDA:0,(anonymous_6)
FNDA:0,(anonymous_7)
FNDA:0,(anonymous_8)
FNDA:0,(anonymous_9)
FNDA:0,(anonymous_10)
FNDA:0,(anonymous_11)
FNDA:0,(anonymous_12)
FNDA:0,(anonymous_13)
DA:3,0
DA:4,0
DA:5,0
DA:6,0
DA:7,0
DA:8,0
DA:9,0
DA:10,0
DA:11,0
DA:12,0
DA:21,0
DA:24,0
DA:25,0
DA:26,0
DA:27,0
DA:29,0
DA:30,0
DA:31,0
DA:32,0
DA:33,0
DA:34,0
DA:35,0
DA:37,0
DA:38,0
DA:39,0
DA:43,0
DA:44,0
DA:45,0
DA:47,0
DA:49,0
DA:50,0
DA:51,0
DA:54,0
DA:55,0
DA:56,0
DA:58,0
DA:62,0
DA:63,0
DA:66,0
DA:79,0
DA:82,0
DA:84,0
DA:85,0
DA:87,0
DA:91,0
DA:92,0
DA:93,0
DA:94,0
DA:95,0
DA:97,0
DA:98,0
DA:99,0
DA:100,0
DA:101,0
DA:102,0
DA:103,0
DA:105,0
DA:114,0
DA:117,0
DA:120,0
DA:121,0
DA:122,0
DA:123,0
DA:124,0
DA:126,0
DA:130,0
DA:131,0
DA:132,0
DA:133,0
DA:134,0
DA:136,0
DA:137,0
DA:140,0
DA:141,0
DA:145,0
DA:164,0
DA:175,0
DA:194,0
LF:78
LH:0
BRDA:38,0,0,0
BRDA:123,1,0,0
BRDA:123,1,1,0
BRDA:132,2,0,0
BRDA:132,2,1,0
BRDA:145,3,0,0
BRDA:164,4,0,0
BRDA:164,5,0,0
BRDA:164,5,1,0
BRDA:172,6,0,0
BRDA:172,6,1,0
BRDA:220,7,0,0
BRDA:220,7,1,0
BRDA:224,8,0,0
BRDA:229,9,0,0
BRDA:229,9,1,0
BRDA:238,10,0,0
BRDA:238,10,1,0
BRDA:244,11,0,0
BRDA:283,12,0,0
BRDA:288,13,0,0
BRF:21
BRH:0
end_of_record
TN:
SF:components/AssistantClient.tsx
FN:31,AssistantClient
FN:38,(anonymous_3)
FN:50,(anonymous_4)
FN:53,(anonymous_5)
FN:58,(anonymous_6)
FN:70,(anonymous_7)
FN:72,(anonymous_8)
FN:110,(anonymous_9)
FN:131,(anonymous_10)
FNF:9
FNH:0
FNDA:0,AssistantClient
FNDA:0,(anonymous_3)
FNDA:0,(anonymous_4)
FNDA:0,(anonymous_5)
FNDA:0,(anonymous_6)
FNDA:0,(anonymous_7)
FNDA:0,(anonymous_8)
FNDA:0,(anonymous_9)
FNDA:0,(anonymous_10)
DA:3,0
DA:4,0
DA:5,0
DA:6,0
DA:7,0
DA:8,0
DA:9,0
DA:16,0
DA:31,0
DA:32,0
DA:33,0
DA:34,0
DA:35,0
DA:36,0
DA:38,0
DA:39,0
DA:40,0
DA:41,0
DA:42,0
DA:45,0
DA:47,0
DA:50,0
DA:51,0
DA:52,0
DA:53,0
DA:54,0
DA:55,0
DA:56,0
DA:57,0
DA:58,0
DA:63,0
DA:64,0
DA:65,0
DA:66,0
DA:67,0
DA:68,0
DA:69,0
DA:70,0
DA:72,0
DA:81,0
DA:111,0
DA:131,0
LF:42
LH:0
BRDA:41,0,0,0
BRDA:41,1,0,0
BRDA:41,1,1,0
BRDA:41,1,2,0
BRDA:42,2,0,0
BRDA:42,2,1,0
BRDA:51,3,0,0
BRDA:60,4,0,0
BRDA:60,4,1,0
BRDA:64,5,0,0
BRDA:64,5,1,0
BRDA:64,5,2,0
BRDA:66,6,0,0
BRDA:66,6,1,0
BRDA:66,7,0,0
BRDA:66,7,1,0
BRDA:67,8,0,0
BRDA:67,8,1,0
BRDA:94,9,0,0
BRDA:94,9,1,0
BRDA:107,10,0,0
BRDA:107,10,1,0
BRDA:114,11,0,0
BRDA:114,11,1,0
BRDA:120,12,0,0
BRDA:120,12,1,0
BRDA:133,13,0,0
BRDA:133,13,1,0
BRDA:140,14,0,0
BRDA:140,14,1,0
BRDA:141,15,0,0
BRDA:141,15,1,0
BRF:32
BRH:0
end_of_record
TN:
SF:components/DashboardClient.tsx
FN:58,DashboardClient
FN:61,(anonymous_3)
FN:63,(anonymous_4)
FN:66,(anonymous_5)
FN:71,(anonymous_6)
FN:77,(anonymous_7)
FNF:6
FNH:0
FNDA:0,DashboardClient
FNDA:0,(anonymous_3)
FNDA:0,(anonymous_4)
FNDA:0,(anonymous_5)
FNDA:0,(anonymous_6)
FNDA:0,(anonymous_7)
DA:3,0
DA:4,0
DA:5,0
DA:6,0
DA:7,0
DA:8,0
DA:9,0
DA:10,0
DA:44,0
DA:53,0
DA:58,0
DA:59,0
DA:61,0
DA:63,0
DA:64,0
DA:66,0
DA:67,0
DA:70,0
DA:71,0
DA:72,0
DA:75,0
DA:77,0
DA:83,0
LF:23
LH:0
BRDA:71,0,0,0
BRDA:71,0,1,0
BRDA:75,1,0,0
BRDA:75,1,1,0
BRDA:78,2,0,0
BRDA:78,2,1,0
BRDA:79,3,0,0
BRDA:79,3,1,0
BRDA:101,4,0,0
BRDA:101,4,1,0
BRDA:102,5,0,0
BRDA:102,5,1,0
BRDA:110,6,0,0
BRDA:110,6,1,0
BRDA:119,7,0,0
BRDA:119,7,1,0
BRDA:120,8,0,0
BRDA:120,8,1,0
BRDA:127,9,0,0
BRDA:127,9,1,0
BRDA:129,10,0,0
BRDA:129,10,1,0
BRDA:147,11,0,0
BRDA:150,12,0,0
BRDA:150,12,1,0
BRDA:169,13,0,0
BRDA:169,13,1,0
BRDA:175,14,0,0
BRDA:175,14,1,0
BRDA:196,15,0,0
BRDA:200,16,0,0
BRDA:200,16,1,0
BRDA:200,17,0,0
BRDA:200,17,1,0
BRDA:208,18,0,0
BRDA:208,18,1,0
BRDA:216,19,0,0
BRDA:216,19,1,0
BRDA:222,20,0,0
BRDA:222,20,1,0
BRDA:230,21,0,0
BRDA:230,21,1,0
BRF:42
BRH:0
end_of_record
TN:
SF:components/DriftChart.tsx
FN:18,DriftChart
FNF:1
FNH:0
FNDA:0,DriftChart
DA:11,0
DA:18,0
LF:2
LH:0
BRF:0
BRH:0
end_of_record
TN:
SF:components/DriftMonitorClient.tsx
FN:29,DriftMonitorClient
FN:34,(anonymous_2)
FN:38,(anonymous_3)
FN:41,(anonymous_4)
FN:67,(anonymous_5)
FN:86,(anonymous_6)
FN:166,(anonymous_7)
FN:186,(anonymous_8)
FN:203,(anonymous_9)
FNF:9
FNH:0
FNDA:0,DriftMonitorClient
FNDA:0,(anonymous_2)
FNDA:0,(anonymous_3)
FNDA:0,(anonymous_4)
FNDA:0,(anonymous_5)
FNDA:0,(anonymous_6)
FNDA:0,(anonymous_7)
FNDA:0,(anonymous_8)
FNDA:0,(anonymous_9)
DA:1,0
DA:29,0
DA:30,0
DA:31,0
DA:32,0
DA:34,0
DA:35,0
DA:37,0
DA:38,0
DA:41,0
DA:42,0
DA:43,0
DA:44,0
DA:45,0
DA:47,0
DA:53,0
DA:54,0
DA:57,0
DA:58,0
DA:59,0
DA:61,0
DA:63,0
DA:67,0
DA:68,0
DA:70,0
DA:72,0
DA:74,0
DA:76,0
DA:80,0
DA:87,0
DA:95,0
DA:106,0
DA:118,0
DA:119,0
DA:121,0
DA:167,0
DA:187,0
DA:204,0
LF:38
LH:0
BRDA:44,0,0,0
BRDA:44,0,1,0
BRDA:45,1,0,0
BRDA:45,1,1,0
BRDA:53,2,0,0
BRDA:61,3,0,0
BRDA:61,3,1,0
BRDA:68,4,0,0
BRDA:68,4,1,0
BRDA:68,4,2,0
BRDA:68,4,3,0
BRDA:80,5,0,0
BRDA:95,6,0,0
BRDA:106,7,0,0
BRDA:106,8,0,0
BRDA:106,8,1,0
BRDA:119,9,0,0
BRDA:119,9,1,0
BRDA:119,10,0,0
BRDA:119,10,1,0
BRDA:121,11,0,0
BRDA:121,11,1,0
BRDA:121,12,0,0
BRDA:121,12,1,0
BRDA:159,13,0,0
BRDA:179,14,0,0
BRDA:199,15,0,0
BRDA:213,16,0,0
BRDA:213,16,1,0
BRDA:215,17,0,0
BRDA:215,17,1,0
BRF:31
BRH:0
end_of_record
TN:
SF:components/FeatureImpactChart.tsx
FN:10,FeatureImpactChart
FNF:1
FNH:0
FNDA:0,FeatureImpactChart
DA:3,0
DA:10,0
LF:2
LH:0
BRF:0
BRH:0
end_of_record
TN:
SF:components/InsightsClient.tsx
FN:21,InsightsClient
FN:22,(anonymous_3)
FN:27,(anonymous_4)
FN:31,(anonymous_5)
FN:36,(anonymous_6)
FN:43,(anonymous_7)
FN:168,(anonymous_8)
FN:205,(anonymous_9)
FN:219,(anonymous_10)
FNF:9
FNH:0
FNDA:0,InsightsClient
FNDA:0,(anonymous_3)
FNDA:0,(anonymous_4)
FNDA:0,(anonymous_5)
FNDA:0,(anonymous_6)
FNDA:0,(anonymous_7)
FNDA:0,(anonymous_8)
FNDA:0,(anonymous_9)
FNDA:0,(anonymous_10)
DA:3,0
DA:4,0
DA:5,0
DA:6,0
DA:7,0
DA:8,0
DA:9,0
DA:10,0
DA:11,0
DA:19,0
DA:21,0
DA:22,0
DA:23,0
DA:25,0
DA:27,0
DA:29,0
DA:31,0
DA:34,0
DA:36,0
DA:42,0
DA:43,0
DA:47,0
DA:48,0
DA:49,0
DA:169,0
DA:206,0
DA:220,0
LF:27
LH:0
BRDA:34,0,0,0
BRDA:34,0,1,0
BRDA:37,1,0,0
BRDA:37,1,1,0
BRDA:38,2,0,0
BRDA:38,2,1,0
BRDA:43,3,0,0
BRDA:43,3,1,0
BRDA:47,4,0,0
BRDA:47,4,1,0
BRDA:48,5,0,0
BRDA:48,5,1,0
BRDA:49,6,0,0
BRDA:49,6,1,0
BRDA:67,7,0,0
BRDA:69,8,0,0
BRDA:81,9,0,0
BRDA:92,10,0,0
BRDA:92,10,1,0
BRDA:98,11,0,0
BRDA:98,11,1,0
BRDA:104,12,0,0
BRDA:104,12,1,0
BRDA:110,13,0,0
BRDA:110,13,1,0
BRDA:125,14,0,0
BRDA:127,15,0,0
BRDA:156,16,0,0
BRDA:158,17,0,0
BRDA:170,18,0,0
BRDA:170,18,1,0
BRDA:171,19,0,0
BRDA:171,19,1,0
BRDA:173,20,0,0
BRDA:173,20,1,0
BRDA:176,21,0,0
BRDA:176,21,1,0
BRDA:194,22,0,0
BRDA:205,23,0,0
BRDA:219,24,0,0
BRF:40
BRH:0
end_of_record
TN:
SF:components/JobHistoryClient.tsx
FN:28,JobHistoryClient
FN:35,(anonymous_2)
FN:39,(anonymous_3)
FN:73,(anonymous_4)
FN:82,(anonymous_5)
FN:135,(anonymous_6)
FN:138,(anonymous_7)
FN:176,(anonymous_8)
FNF:8
FNH:0
FNDA:0,JobHistoryClient
FNDA:0,(anonymous_2)
FNDA:0,(anonymous_3)
FNDA:0,(anonymous_4)
FNDA:0,(anonymous_5)
FNDA:0,(anonymous_6)
FNDA:0,(anonymous_7)
FNDA:0,(anonymous_8)
DA:1,0
DA:28,0
DA:29,0
DA:30,0
DA:31,0
DA:32,0
DA:33,0
DA:35,0
DA:36,0
DA:39,0
DA:40,0
DA:41,0
DA:42,0
DA:43,0
DA:46,0
DA:47,0
DA:52,0
DA:56,0
DA:57,0
DA:60,0
DA:61,0
DA:63,0
DA:64,0
DA:65,0
DA:67,0
DA:69,0
DA:73,0
DA:74,0
DA:79,0
DA:82,0
DA:83,0
DA:84,0
DA:85,0
DA:86,0
DA:89,0
DA:93,0
DA:136,0
DA:138,0
DA:177,0
LF:39
LH:0
BRDA:42,0,0,0
BRDA:42,0,1,0
BRDA:43,1,0,0
BRDA:43,1,1,0
BRDA:46,2,0,0
BRDA:46,2,1,0
BRDA:56,3,0,0
BRDA:56,4,0,0
BRDA:56,4,1,0
BRDA:63,5,0,0
BRDA:63,5,1,0
BRDA:67,6,0,0
BRDA:67,6,1,0
BRDA:79,7,0,0
BRDA:79,7,1,0
BRDA:83,8,0,0
BRDA:84,9,0,0
BRDA:85,10,0,0
BRDA:89,11,0,0
BRDA:93,12,0,0
BRDA:108,13,0,0
BRDA:140,14,0,0
BRDA:140,14,1,0
BRDA:200,15,0,0
BRDA:200,15,1,0
BRF:25
BRH:0
end_of_record
TN:
SF:components/JobsClient.tsx
FN:33,JobsClient
FN:36,(anonymous_3)
FN:38,(anonymous_4)
FN:105,(anonymous_5)
FNF:4
FNH:0
FNDA:0,JobsClient
FNDA:0,(anonymous_3)
FNDA:0,(anonymous_4)
FNDA:0,(anonymous_5)
DA:3,0
DA:4,0
DA:5,0
DA:6,0
DA:7,0
DA:8,0
DA:9,0
DA:27,0
DA:33,0
DA:34,0
DA:36,0
DA:38,0
DA:39,0
DA:41,0
DA:43,0
DA:106,0
LF:16
LH:0
BRDA:41,0,0,0
BRDA:41,0,1,0
BRDA:47,1,0,0
BRDA:47,1,1,0
BRDA:48,2,0,0
BRDA:48,2,1,0
BRDA:53,3,0,0
BRDA:53,3,1,0
BRDA:54,4,0,0
BRDA:54,4,1,0
BRDA:59,5,0,0
BRDA:59,5,1,0
BRDA:60,6,0,0
BRDA:60,6,1,0
BRDA:93,7,0,0
BRDA:93,7,1,0
BRDA:111,8,0,0
BRDA:111,8,1,0
BRF:18
BRH:0
end_of_record
TN:
SF:components/MobileNav.tsx
FN:16,MobileNav
FN:31,(anonymous_3)
FNF:2
FNH:0
FNDA:0,MobileNav
FNDA:0,(anonymous_3)
DA:3,0
DA:4,0
DA:5,0
DA:7,0
DA:16,0
DA:32,0
LF:6
LH:0
BRF:0
BRH:0
end_of_record
TN:
SF:components/ModelsClient.tsx
FN:107,ModelsClient
FN:110,(anonymous_3)
FN:112,(anonymous_4)
FN:117,(anonymous_5)
FN:119,(anonymous_6)
FN:122,(anonymous_7)
FN:127,(anonymous_8)
FN:131,(anonymous_9)
FN:134,(anonymous_10)
FN:141,(anonymous_11)
FN:321,(anonymous_12)
FN:369,(anonymous_13)
FNF:12
FNH:0
FNDA:0,ModelsClient
FNDA:0,(anonymous_3)
FNDA:0,(anonymous_4)
FNDA:0,(anonymous_5)
FNDA:0,(anonymous_6)
FNDA:0,(anonymous_7)
FNDA:0,(anonymous_8)
FNDA:0,(anonymous_9)
FNDA:0,(anonymous_10)
FNDA:0,(anonymous_11)
FNDA:0,(anonymous_12)
FNDA:0,(anonymous_13)
DA:3,0
DA:4,0
DA:5,0
DA:6,0
DA:7,0
DA:8,0
DA:9,0
DA:15,0
DA:16,0
DA:17,0
DA:26,0
DA:107,0
DA:108,0
DA:110,0
DA:112,0
DA:113,0
DA:115,0
DA:117,0
DA:119,0
DA:120,0
DA:122,0
DA:123,0
DA:125,0
DA:127,0
DA:129,0
DA:131,0
DA:134,0
DA:139,0
DA:141,0
DA:147,0
DA:148,0
DA:149,0
DA:150,0
DA:322,0
DA:370,0
LF:35
LH:0
BRDA:134,0,0,0
BRDA:134,0,1,0
BRDA:139,1,0,0
BRDA:139,1,1,0
BRDA:142,2,0,0
BRDA:142,2,1,0
BRDA:143,3,0,0
BRDA:143,3,1,0
BRDA:147,4,0,0
BRDA:147,4,1,0
BRDA:148,5,0,0
BRDA:148,5,1,0
BRDA:149,6,0,0
BRDA:149,6,1,0
BRDA:150,7,0,0
BRDA:150,7,1,0
BRDA:194,8,0,0
BRDA:208,9,0,0
BRDA:208,9,1,0
BRDA:210,10,0,0
BRDA:210,10,1,0
BRDA:211,11,0,0
BRDA:211,11,1,0
BRDA:212,12,0,0
BRDA:212,12,1,0
BRDA:230,13,0,0
BRDA:240,14,0,0
BRDA:240,14,1,0
BRDA:246,15,0,0
BRDA:246,15,1,0
BRDA:252,16,0,0
BRDA:252,16,1,0
BRDA:258,17,0,0
BRDA:258,17,1,0
BRDA:271,18,0,0
BRDA:273,19,0,0
BRDA:285,20,0,0
BRDA:310,21,0,0
BRDA:321,22,0,0
BRDA:325,23,0,0
BRDA:325,23,1,0
BRDA:326,24,0,0
BRDA:326,24,1,0
BRDA:358,25,0,0
BRDA:369,26,0,0
BRDA:371,27,0,0
BRDA:371,27,1,0
BRDA:373,28,0,0
BRDA:373,28,1,0
BRDA:373,29,0,0
BRDA:373,29,1,0
BRDA:378,30,0,0
BRDA:378,30,1,0
BRDA:378,31,0,0
BRDA:378,31,1,0
BRDA:383,32,0,0
BRDA:383,32,1,0
BRDA:383,33,0,0
BRDA:383,33,1,0
BRDA:407,34,0,0
BRDA:417,35,0,0
BRDA:417,35,1,0
BRDA:417,36,0,0
BRDA:417,36,1,0
BRDA:426,37,0,0
BRDA:426,37,1,0
BRDA:426,38,0,0
BRDA:426,38,1,0
BRDA:435,39,0,0
BRDA:435,39,1,0
BRDA:435,40,0,0
BRDA:435,40,1,0
BRF:72
BRH:0
end_of_record
TN:
SF:components/PageTransition.tsx
FN:11,PageTransition
FNF:1
FNH:0
FNDA:0,PageTransition
DA:4,0
DA:6,0
DA:11,0
LF:3
LH:0
BRF:0
BRH:0
end_of_record
TN:
SF:components/PortfolioFusionClient.tsx
FN:31,PortfolioFusionClient
FN:36,(anonymous_2)
FN:40,(anonymous_3)
FN:66,(anonymous_4)
FN:74,(anonymous_5)
FN:86,(anonymous_6)
FNF:6
FNH:0
FNDA:0,PortfolioFusionClient
FNDA:0,(anonymous_2)
FNDA:0,(anonymous_3)
FNDA:0,(anonymous_4)
FNDA:0,(anonymous_5)
FNDA:0,(anonymous_6)
DA:1,0
DA:31,0
DA:32,0
DA:33,0
DA:34,0
DA:36,0
DA:37,0
DA:40,0
DA:41,0
DA:42,0
DA:43,0
DA:44,0
DA:46,0
DA:52,0
DA:53,0
DA:56,0
DA:57,0
DA:58,0
DA:60,0
DA:62,0
DA:66,0
DA:67,0
DA:74,0
DA:75,0
DA:76,0
DA:77,0
DA:80,0
DA:87,0
DA:95,0
DA:112,0
DA:124,0
LF:31
LH:0
BRDA:43,0,0,0
BRDA:43,0,1,0
BRDA:44,1,0,0
BRDA:44,1,1,0
BRDA:52,2,0,0
BRDA:60,3,0,0
BRDA:60,3,1,0
BRDA:75,4,0,0
BRDA:76,5,0,0
BRDA:80,6,0,0
BRDA:95,7,0,0
BRDA:112,8,0,0
BRDA:112,9,0,0
BRDA:112,9,1,0
BRF:14
BRH:0
end_of_record
TN:
SF:components/SettingsStatus.tsx
FN:11,SettingsStatus
FN:12,(anonymous_3)
FN:22,(anonymous_4)
FNF:3
FNH:0
FNDA:0,SettingsStatus
FNDA:0,(anonymous_3)
FNDA:0,(anonymous_4)
DA:3,0
DA:4,0
DA:5,0
DA:6,0
DA:7,0
DA:8,0
DA:9,0
DA:11,0
DA:12,0
DA:13,0
DA:15,0
DA:16,0
DA:22,0
DA:23,0
DA:24,0
DA:25,0
DA:26,0
DA:31,0
DA:36,0
LF:19
LH:0
BRDA:15,0,0,0
BRDA:15,0,1,0
BRDA:15,1,0,0
BRDA:15,1,1,0
BRDA:16,2,0,0
BRDA:16,2,1,0
BRDA:18,3,0,0
BRDA:18,3,1,0
BRDA:28,4,0,0
BRDA:28,4,1,0
BRDA:54,5,0,0
BRDA:54,5,1,0
BRF:12
BRH:0
end_of_record
TN:
SF:components/Sidebar.tsx
FN:16,Sidebar
FN:26,(anonymous_3)
FNF:2
FNH:0
FNDA:0,Sidebar
FNDA:0,(anonymous_3)
DA:3,0
DA:4,0
DA:5,0
DA:7,0
DA:16,0
DA:27,0
LF:6
LH:0
BRF:0
BRH:0
end_of_record
TN:
SF:components/StatCard.tsx
FN:13,StatCard
FNF:1
FNH:0
FNDA:0,StatCard
DA:2,0
DA:3,0
DA:13,0
LF:3
LH:0
BRDA:23,0,0,0
BRDA:27,1,0,0
BRDA:27,1,1,0
BRDA:29,2,0,0
BRDA:29,2,1,0
BRF:5
BRH:0
end_of_record
TN:
SF:components/ThemeToggle.tsx
FN:7,ThemeToggle
FN:11,(anonymous_2)
FN:20,(anonymous_3)
FNF:3
FNH:0
FNDA:0,ThemeToggle
FNDA:0,(anonymous_2)
FNDA:0,(anonymous_3)
DA:3,0
DA:5,0
DA:7,0
DA:8,0
DA:9,0
DA:11,0
DA:12,0
DA:13,0
DA:14,0
DA:15,0
DA:16,0
DA:17,0
DA:20,0
DA:21,0
DA:22,0
DA:23,0
DA:24,0
DA:27,0
DA:28,0
LF:19
LH:0
BRDA:14,0,0,0
BRDA:14,0,1,0
BRDA:24,1,0,0
BRDA:24,1,1,0
BRDA:27,2,0,0
BRDA:37,3,0,0
BRDA:37,3,1,0
BRF:7
BRH:0
end_of_record
TN:
SF:components/Topbar.tsx
FN:10,Topbar
FNF:1
FNH:0
FNDA:0,Topbar
DA:10,0
LF:1
LH:0
BRDA:11,0,0,0
BRDA:12,1,0,0
BRDA:13,2,0,0
BRDA:25,3,0,0
BRDA:25,3,1,0
BRF:5
BRH:0
end_of_record
TN:
SF:components/accuracy-display.tsx
FN:13,(anonymous_2)
FN:29,AccuracyDisplay
FN:85,(anonymous_4)
FNF:3
FNH:0
FNDA:0,(anonymous_2)
FNDA:0,AccuracyDisplay
FNDA:0,(anonymous_4)
DA:3,0
DA:5,0
DA:6,0
DA:13,0
DA:14,0
DA:15,0
DA:17,0
DA:19,0
DA:21,0
DA:23,0
DA:25,0
DA:29,0
DA:30,0
DA:86,0
DA:87,0
DA:88,0
DA:90,0
LF:17
LH:0
BRDA:15,0,0,0
BRDA:15,0,1,0
BRDA:15,0,2,0
BRDA:15,0,3,0
BRDA:15,0,4,0
BRDA:29,1,0,0
BRDA:59,2,0,0
BRDA:59,2,1,0
BRDA:61,3,0,0
BRDA:61,3,1,0
BRDA:80,4,0,0
BRF:11
BRH:0
end_of_record
TN:
SF:components/confidence-gauge.tsx
FN:14,(anonymous_4)
FN:30,(anonymous_5)
FN:41,ConfidenceGauge
FN:55,(anonymous_7)
FN:62,(anonymous_8)
FNF:5
FNH:0
FNDA:0,(anonymous_4)
FNDA:0,(anonymous_5)
FNDA:0,ConfidenceGauge
FNDA:0,(anonymous_7)
FNDA:0,(anonymous_8)
DA:3,0
DA:4,0
DA:14,0
DA:15,0
DA:16,0
DA:18,0
DA:20,0
DA:22,0
DA:24,0
DA:26,0
DA:30,0
DA:31,0
DA:33,0
DA:35,0
DA:37,0
DA:41,0
DA:47,0
DA:48,0
DA:49,0
DA:50,0
DA:51,0
DA:52,0
DA:55,0
DA:56,0
DA:58,0
DA:59,0
DA:60,0
DA:62,0
DA:63,0
DA:64,0
DA:65,0
DA:68,0
DA:69,0
DA:71,0
DA:73,0
DA:74,0
DA:78,0
LF:37
LH:0
BRDA:16,0,0,0
BRDA:16,0,1,0
BRDA:16,0,2,0
BRDA:16,0,3,0
BRDA:16,0,4,0
BRDA:31,1,0,0
BRDA:31,1,1,0
BRDA:31,1,2,0
BRDA:44,2,0,0
BRDA:45,3,0,0
BRDA:47,4,0,0
BRDA:47,4,1,0
BRDA:56,5,0,0
BRDA:73,6,0,0
BRF:14
BRH:0
end_of_record
TN:
SF:components/footer.tsx
FN:31,Footer
FN:53,(anonymous_3)
FN:75,(anonymous_4)
FN:92,(anonymous_5)
FN:109,(anonymous_6)
FNF:5
FNH:0
FNDA:0,Footer
FNDA:0,(anonymous_3)
FNDA:0,(anonymous_4)
FNDA:0,(anonymous_5)
FNDA:0,(anonymous_6)
DA:3,0
DA:4,0
DA:5,0
DA:7,0
DA:25,0
DA:31,0
DA:32,0
DA:54,0
DA:55,0
DA:76,0
DA:93,0
DA:110,0
LF:12
LH:0
BRF:0
BRH:0
end_of_record
TN:
SF:components/header.tsx
FN:23,Header
FN:27,(anonymous_6)
FN:50,(anonymous_7)
FN:87,(anonymous_8)
FN:101,(anonymous_9)
FN:108,(anonymous_10)
FNF:6
FNH:0
FNDA:0,Header
FNDA:0,(anonymous_6)
FNDA:0,(anonymous_7)
FNDA:0,(anonymous_8)
FNDA:0,(anonymous_9)
FNDA:0,(anonymous_10)
DA:3,0
DA:4,0
DA:5,0
DA:6,0
DA:7,0
DA:8,0
DA:16,0
DA:23,0
DA:24,0
DA:25,0
DA:27,0
DA:51,0
DA:52,0
DA:53,0
DA:87,0
DA:102,0
DA:103,0
DA:104,0
DA:108,0
LF:19
LH:0
BRDA:58,0,0,0
BRDA:58,0,1,0
BRDA:92,1,0,0
BRDA:98,2,0,0
BRDA:110,3,0,0
BRDA:110,3,1,0
BRF:6
BRH:0
end_of_record
TN:
SF:components/holdings-table.tsx
FN:25,HoldingsTable
FN:35,(anonymous_6)
FN:41,(anonymous_8)
FN:57,(anonymous_10)
FN:60,(anonymous_11)
FN:82,(anonymous_13)
FN:85,(anonymous_14)
FN:107,(anonymous_16)
FN:110,(anonymous_17)
FN:132,(anonymous_19)
FN:135,(anonymous_20)
FN:161,(anonymous_22)
FN:164,(anonymous_23)
FN:178,(anonymous_24)
FN:179,(anonymous_25)
FN:216,(anonymous_26)
FN:226,(anonymous_28)
FN:235,(anonymous_29)
FN:238,(anonymous_30)
FN:252,(anonymous_31)
FN:291,(anonymous_32)
FN:293,(anonymous_33)
FN:335,(anonymous_34)
FN:356,(anonymous_35)
FN:358,(anonymous_36)
FN:372,(anonymous_37)
FN:376,(anonymous_38)
FN:378,(anonymous_39)
FNF:28
FNH:0
FNDA:0,HoldingsTable
FNDA:0,(anonymous_6)
FNDA:0,(anonymous_8)
FNDA:0,(anonymous_10)
FNDA:0,(anonymous_11)
FNDA:0,(anonymous_13)
FNDA:0,(anonymous_14)
FNDA:0,(anonymous_16)
FNDA:0,(anonymous_17)
FNDA:0,(anonymous_19)
FNDA:0,(anonymous_20)
FNDA:0,(anonymous_22)
FNDA:0,(anonymous_23)
FNDA:0,(anonymous_24)
FNDA:0,(anonymous_25)
FNDA:0,(anonymous_26)
FNDA:0,(anonymous_28)
FNDA:0,(anonymous_29)
FNDA:0,(anonymous_30)
FNDA:0,(anonymous_31)
FNDA:0,(anonymous_32)
FNDA:0,(anonymous_33)
FNDA:0,(anonymous_34)
FNDA:0,(anonymous_35)
FNDA:0,(anonymous_36)
FNDA:0,(anonymous_37)
FNDA:0,(anonymous_38)
FNDA:0,(anonymous_39)
DA:3,0
DA:12,0
DA:14,0
DA:15,0
DA:16,0
DA:17,0
DA:25,0
DA:30,0
DA:31,0
DA:32,0
DA:34,0
DA:35,0
DA:41,0
DA:60,0
DA:85,0
DA:110,0
DA:135,0
DA:164,0
DA:178,0
DA:180,0
DA:181,0
DA:182,0
DA:183,0
DA:217,0
DA:218,0
DA:219,0
DA:227,0
DA:228,0
DA:229,0
DA:230,0
DA:238,0
DA:253,0
DA:276,0
DA:291,0
DA:292,0
DA:294,0
DA:295,0
DA:296,0
DA:297,0
DA:307,0
DA:309,0
DA:317,0
DA:335,0
DA:357,0
DA:359,0
DA:373,0
DA:376,0
DA:379,0
LF:48
LH:0
BRDA:28,0,0,0
BRDA:65,1,0,0
BRDA:67,2,0,0
BRDA:90,3,0,0
BRDA:92,4,0,0
BRDA:115,5,0,0
BRDA:117,6,0,0
BRDA:140,7,0,0
BRDA:142,8,0,0
BRDA:169,9,0,0
BRDA:171,10,0,0
BRDA:189,11,0,0
BRDA:189,11,1,0
BRDA:195,12,0,0
BRDA:200,13,0,0
BRDA:200,13,1,0
BRDA:208,14,0,0
BRDA:208,14,1,0
BRDA:210,15,0,0
BRDA:210,15,1,0
BRDA:243,16,0,0
BRDA:245,17,0,0
BRDA:309,18,0,0
BRDA:317,19,0,0
BRDA:334,20,0,0
BRDA:334,20,1,0
BRDA:341,21,0,0
BRDA:363,22,0,0
BRDA:363,22,1,0
BRDA:406,23,0,0
BRDA:406,23,1,0
BRDA:412,24,0,0
BRDA:417,25,0,0
BRDA:417,25,1,0
BRDA:425,26,0,0
BRDA:425,26,1,0
BRDA:427,27,0,0
BRDA:427,27,1,0
BRF:38
BRH:0
end_of_record
TN:
SF:components/notification-bell.tsx
FN:18,NotificationBell
FN:27,(anonymous_5)
FN:28,(anonymous_6)
FN:38,(anonymous_7)
FN:43,(anonymous_8)
FN:51,(anonymous_9)
FN:64,(anonymous_10)
FN:83,(anonymous_11)
FN:123,(anonymous_12)
FN:144,(anonymous_13)
FN:164,(anonymous_14)
FN:178,(anonymous_15)
FN:194,(anonymous_16)
FNF:13
FNH:0
FNDA:0,NotificationBell
FNDA:0,(anonymous_5)
FNDA:0,(anonymous_6)
FNDA:0,(anonymous_7)
FNDA:0,(anonymous_8)
FNDA:0,(anonymous_9)
FNDA:0,(anonymous_10)
FNDA:0,(anonymous_11)
FNDA:0,(anonymous_12)
FNDA:0,(anonymous_13)
FNDA:0,(anonymous_14)
FNDA:0,(anonymous_15)
FNDA:0,(anonymous_16)
DA:3,0
DA:4,0
DA:5,0
DA:16,0
DA:18,0
DA:19,0
DA:20,0
DA:21,0
DA:24,0
DA:27,0
DA:28,0
DA:29,0
DA:30,0
DA:34,0
DA:35,0
DA:38,0
DA:39,0
DA:43,0
DA:44,0
DA:45,0
DA:46,0
DA:47,0
DA:51,0
DA:52,0
DA:64,0
DA:65,0
DA:66,0
DA:67,0
DA:68,0
DA:69,0
DA:70,0
DA:72,0
DA:73,0
DA:74,0
DA:75,0
DA:76,0
DA:83,0
DA:124,0
DA:144,0
DA:165,0
DA:178,0
DA:195,0
DA:196,0
LF:43
LH:0
BRDA:29,0,0,0
BRDA:29,1,0,0
BRDA:29,1,1,0
BRDA:34,2,0,0
BRDA:45,3,0,0
BRDA:72,4,0,0
BRDA:73,5,0,0
BRDA:74,6,0,0
BRDA:75,7,0,0
BRDA:88,8,0,0
BRDA:90,9,0,0
BRDA:90,9,1,0
BRDA:96,10,0,0
BRDA:101,11,0,0
BRDA:114,12,0,0
BRDA:114,12,1,0
BRDA:127,13,0,0
BRDA:127,13,1,0
BRDA:142,14,0,0
BRDA:162,15,0,0
BRDA:169,16,0,0
BRDA:169,16,1,0
BRDA:191,17,0,0
BRF:23
BRH:0
end_of_record
TN:
SF:components/portfolio-upload.tsx
FN:18,PortfolioUpload
FN:25,(anonymous_2)
FN:40,(anonymous_3)
FN:42,(anonymous_4)
FN:44,(anonymous_5)
FN:52,(anonymous_6)
FN:56,(anonymous_7)
FN:64,(anonymous_8)
FN:65,(anonymous_9)
FN:67,(anonymous_10)
FN:76,(anonymous_11)
FN:83,(anonymous_12)
FN:103,(anonymous_13)
FN:108,(anonymous_14)
FN:112,(anonymous_15)
FN:120,(anonymous_16)
FN:149,(anonymous_17)
FN:216,(anonymous_18)
FNF:18
FNH:0
FNDA:0,PortfolioUpload
FNDA:0,(anonymous_2)
FNDA:0,(anonymous_3)
FNDA:0,(anonymous_4)
FNDA:0,(anonymous_5)
FNDA:0,(anonymous_6)
FNDA:0,(anonymous_7)
FNDA:0,(anonymous_8)
FNDA:0,(anonymous_9)
FNDA:0,(anonymous_10)
FNDA:0,(anonymous_11)
FNDA:0,(anonymous_12)
FNDA:0,(anonymous_13)
FNDA:0,(anonymous_14)
FNDA:0,(anonymous_15)
FNDA:0,(anonymous_16)
FNDA:0,(anonymous_17)
FNDA:0,(anonymous_18)
DA:3,0
DA:4,0
DA:5,0
DA:18,0
DA:19,0
DA:20,0
DA:21,0
DA:22,0
DA:23,0
DA:25,0
DA:26,0
DA:28,0
DA:31,0
DA:32,0
DA:33,0
DA:36,0
DA:37,0
DA:40,0
DA:41,0
DA:42,0
DA:43,0
DA:44,0
DA:46,0
DA:47,0
DA:48,0
DA:52,0
DA:55,0
DA:56,0
DA:58,0
DA:59,0
DA:60,0
DA:64,0
DA:65,0
DA:66,0
DA:67,0
DA:68,0
DA:70,0
DA:73,0
DA:76,0
DA:77,0
DA:80,0
DA:83,0
DA:84,0
DA:86,0
DA:87,0
DA:89,0
DA:90,0
DA:91,0
DA:94,0
DA:95,0
DA:97,0
DA:99,0
DA:103,0
DA:104,0
DA:105,0
DA:108,0
DA:109,0
DA:112,0
DA:113,0
DA:114,0
DA:116,0
DA:117,0
DA:120,0
DA:121,0
DA:122,0
DA:123,0
DA:149,0
DA:217,0
LF:68
LH:0
BRDA:26,0,0,0
BRDA:31,1,0,0
BRDA:46,2,0,0
BRDA:58,3,0,0
BRDA:68,4,0,0
BRDA:68,4,1,0
BRDA:84,5,0,0
BRDA:97,6,0,0
BRDA:97,6,1,0
BRDA:132,7,0,0
BRDA:132,7,1,0
BRDA:133,8,0,0
BRDA:133,8,1,0
BRDA:140,9,0,0
BRDA:149,10,0,0
BRDA:149,10,1,0
BRDA:189,11,0,0
BRDA:200,12,0,0
BRDA:200,12,1,0
BRDA:222,13,0,0
BRDA:222,13,1,0
BRDA:233,14,0,0
BRDA:233,14,1,0
BRDA:233,14,2,0
BRDA:246,15,0,0
BRDA:246,15,1,0
BRF:26
BRH:0
end_of_record
TN:
SF:components/reasoning-panel.tsx
FN:13,ReasoningPanel
FN:20,(anonymous_3)
FN:70,(anonymous_4)
FN:73,(anonymous_5)
FNF:4
FNH:0
FNDA:0,ReasoningPanel
FNDA:0,(anonymous_3)
FNDA:0,(anonymous_4)
FNDA:0,(anonymous_5)
DA:3,0
DA:5,0
DA:6,0
DA:13,0
DA:14,0
DA:21,0
DA:71,0
DA:72,0
DA:73,0
DA:74,0
DA:76,0
LF:11
LH:0
BRDA:14,0,0,0
BRDA:86,1,0,0
BRDA:99,2,0,0
BRDA:99,2,1,0
BRDA:102,3,0,0
BRDA:102,3,1,0
BRDA:106,4,0,0
BRDA:106,4,1,0
BRDA:117,5,0,0
BRDA:117,5,1,0
BRF:10
BRH:0
end_of_record
TN:
SF:components/rebalancing-suggestions.tsx
FN:22,RebalancingSuggestions
FN:30,(anonymous_6)
FN:36,(anonymous_7)
FN:38,(anonymous_8)
FN:60,(anonymous_9)
FN:62,(anonymous_10)
FN:83,(anonymous_11)
FN:89,(anonymous_12)
FN:135,(anonymous_13)
FN:234,(anonymous_14)
FN:246,(anonymous_15)
FNF:11
FNH:0
FNDA:0,RebalancingSuggestions
FNDA:0,(anonymous_6)
FNDA:0,(anonymous_7)
FNDA:0,(anonymous_8)
FNDA:0,(anonymous_9)
FNDA:0,(anonymous_10)
FNDA:0,(anonymous_11)
FNDA:0,(anonymous_12)
FNDA:0,(anonymous_13)
FNDA:0,(anonymous_14)
FNDA:0,(anonymous_15)
DA:3,0
DA:5,0
DA:14,0
DA:22,0
DA:27,0
DA:30,0
DA:32,0
DA:35,0
DA:36,0
DA:39,0
DA:40,0
DA:59,0
DA:60,0
DA:63,0
DA:64,0
DA:83,0
DA:84,0
DA:85,0
DA:89,0
DA:90,0
DA:93,0
DA:136,0
DA:138,0
DA:145,0
DA:151,0
DA:234,0
DA:246,0
LF:27
LH:0
BRDA:36,0,0,0
BRDA:36,0,1,0
BRDA:60,1,0,0
BRDA:60,1,1,0
BRDA:90,2,0,0
BRDA:90,2,1,0
BRDA:93,3,0,0
BRDA:123,4,0,0
BRDA:123,4,1,0
BRDA:138,5,0,0
BRDA:138,5,1,0
BRDA:140,6,0,0
BRDA:140,6,1,0
BRDA:145,7,0,0
BRDA:145,7,1,0
BRDA:147,8,0,0
BRDA:147,8,1,0
BRDA:207,9,0,0
BRDA:207,9,1,0
BRDA:212,10,0,0
BRDA:212,10,1,0
BRDA:219,11,0,0
BRDA:219,11,1,0
BRDA:224,12,0,0
BRDA:224,12,1,0
BRDA:239,13,0,0
BRDA:244,14,0,0
BRDA:257,15,0,0
BRDA:269,16,0,0
BRDA:269,16,1,0
BRDA:274,17,0,0
BRDA:274,17,1,0
BRDA:284,18,0,0
BRDA:284,18,1,0
BRDA:289,19,0,0
BRDA:289,19,1,0
BRDA:310,20,0,0
BRDA:310,20,1,0
BRDA:328,21,0,0
BRDA:328,21,1,0
BRF:40
BRH:0
end_of_record
TN:
SF:components/risk-metrics-dashboard.tsx
FN:13,RiskMetricsDashboard
FN:25,(anonymous_3)
FN:69,(anonymous_4)
FN:236,(anonymous_5)
FN:241,(anonymous_6)
FN:249,(anonymous_7)
FNF:6
FNH:0
FNDA:0,RiskMetricsDashboard
FNDA:0,(anonymous_3)
FNDA:0,(anonymous_4)
FNDA:0,(anonymous_5)
FNDA:0,(anonymous_6)
FNDA:0,(anonymous_7)
DA:3,0
DA:5,0
DA:6,0
DA:13,0
DA:15,0
DA:25,0
DA:35,0
DA:41,0
DA:42,0
DA:43,0
DA:69,0
DA:70,0
DA:71,0
DA:72,0
DA:73,0
DA:76,0
DA:236,0
DA:242,0
DA:250,0
LF:19
LH:0
BRDA:30,0,0,0
BRDA:31,1,0,0
BRDA:35,2,0,0
BRDA:35,2,1,0
BRDA:36,3,0,0
BRDA:36,3,1,0
BRDA:41,4,0,0
BRDA:41,4,1,0
BRDA:43,5,0,0
BRDA:43,5,1,0
BRDA:54,6,0,0
BRDA:56,7,0,0
BRDA:58,8,0,0
BRDA:58,8,1,0
BRDA:60,9,0,0
BRDA:60,9,1,0
BRDA:70,10,0,0
BRDA:71,11,0,0
BRDA:72,12,0,0
BRDA:121,13,0,0
BRDA:121,13,1,0
BRDA:200,14,0,0
BRDA:200,14,1,0
BRDA:202,15,0,0
BRDA:202,15,1,0
BRDA:204,16,0,0
BRDA:204,16,1,0
BRDA:297,17,0,0
BRDA:297,17,1,0
BRDA:299,18,0,0
BRDA:299,18,1,0
BRDA:309,19,0,0
BRDA:309,19,1,0
BRDA:315,20,0,0
BRDA:315,20,1,0
BRDA:341,21,0,0
BRDA:341,21,1,0
BRDA:341,22,0,0
BRDA:341,22,1,0
BRDA:350,23,0,0
BRDA:356,24,0,0
BRDA:356,25,0,0
BRDA:356,25,1,0
BRDA:359,26,0,0
BRDA:359,26,1,0
BRF:45
BRH:0
end_of_record
TN:
SF:components/signal-badge.tsx
FN:15,(anonymous_2)
FN:57,(anonymous_3)
FN:68,SignalBadge
FNF:3
FNH:3
FNDA:18,(anonymous_2)
FNDA:18,(anonymous_3)
FNDA:18,SignalBadge
DA:3,1
DA:5,1
DA:6,1
DA:15,1
DA:16,18
DA:18,18
DA:20,5
DA:27,5
DA:34,3
DA:41,2
DA:48,3
DA:57,1
DA:58,18
DA:60,1
DA:62,16
DA:64,1
DA:68,18
DA:74,18
DA:75,18
DA:76,18
DA:77,18
LF:21
LH:21
BRDA:18,0,0,5
BRDA:18,0,1,5
BRDA:18,0,2,3
BRDA:18,0,3,2
BRDA:18,0,4,3
BRDA:58,1,0,1
BRDA:58,1,1,16
BRDA:58,1,2,1
BRDA:71,2,0,0
BRDA:72,3,0,0
BRDA:77,4,0,1
BRDA:77,4,1,17
BRDA:77,5,0,16
BRDA:77,5,1,1
BRDA:88,6,0,18
BRDA:90,7,0,18
BRF:16
BRH:14
end_of_record
TN:
SF:components/stock-chart.tsx
FN:16,StockChart
FN:29,(anonymous_5)
FN:72,(anonymous_6)
FN:84,(anonymous_7)
FN:106,(anonymous_8)
FN:126,(anonymous_9)
FN:139,(anonymous_10)
FNF:7
FNH:0
FNDA:0,StockChart
FNDA:0,(anonymous_5)
FNDA:0,(anonymous_6)
FNDA:0,(anonymous_7)
FNDA:0,(anonymous_8)
FNDA:0,(anonymous_9)
FNDA:0,(anonymous_10)
DA:3,0
DA:4,0
DA:5,0
DA:16,0
DA:23,0
DA:24,0
DA:25,0
DA:26,0
DA:27,0
DA:29,0
DA:30,0
DA:33,0
DA:57,0
DA:60,0
DA:69,0
DA:72,0
DA:80,0
DA:83,0
DA:84,0
DA:91,0
DA:95,0
DA:96,0
DA:104,0
DA:106,0
DA:115,0
DA:117,0
DA:126,0
DA:127,0
DA:128,0
DA:134,0
DA:135,0
DA:136,0
DA:139,0
DA:140,0
DA:141,0
LF:35
LH:0
BRDA:19,0,0,0
BRDA:20,1,0,0
BRDA:21,2,0,0
BRDA:30,3,0,0
BRDA:30,4,0,0
BRDA:30,4,1,0
BRDA:83,5,0,0
BRDA:95,6,0,0
BRDA:110,7,0,0
BRDA:110,7,1,0
BRDA:127,8,0,0
BRDA:152,9,0,0
BRF:12
BRH:0
end_of_record
TN:
SF:components/stock-search.tsx
FN:15,StockSearch
FN:30,(anonymous_5)
FN:37,(anonymous_6)
FN:51,(anonymous_7)
FN:55,(anonymous_8)
FN:56,(anonymous_9)
FN:68,(anonymous_10)
FN:72,(anonymous_11)
FN:78,(anonymous_12)
FN:82,(anonymous_13)
FN:96,(anonymous_14)
FN:108,(anonymous_15)
FN:123,(anonymous_16)
FN:125,(anonymous_17)
FN:148,(anonymous_18)
FN:151,(anonymous_19)
FNF:16
FNH:0
FNDA:0,StockSearch
FNDA:0,(anonymous_5)
FNDA:0,(anonymous_6)
FNDA:0,(anonymous_7)
FNDA:0,(anonymous_8)
FNDA:0,(anonymous_9)
FNDA:0,(anonymous_10)
FNDA:0,(anonymous_11)
FNDA:0,(anonymous_12)
FNDA:0,(anonymous_13)
FNDA:0,(anonymous_14)
FNDA:0,(anonymous_15)
FNDA:0,(anonymous_16)
FNDA:0,(anonymous_17)
FNDA:0,(anonymous_18)
FNDA:0,(anonymous_19)
DA:3,0
DA:4,0
DA:5,0
DA:7,0
DA:15,0
DA:20,0
DA:21,0
DA:22,0
DA:23,0
DA:24,0
DA:25,0
DA:26,0
DA:27,0
DA:30,0
DA:31,0
DA:32,0
DA:33,0
DA:34,0
DA:37,0
DA:38,0
DA:39,0
DA:40,0
DA:41,0
DA:42,0
DA:44,0
DA:45,0
DA:47,0
DA:51,0
DA:55,0
DA:56,0
DA:57,0
DA:63,0
DA:67,0
DA:68,0
DA:72,0
DA:73,0
DA:75,0
DA:77,0
DA:78,0
DA:79,0
DA:81,0
DA:82,0
DA:83,0
DA:85,0
DA:86,0
DA:87,0
DA:89,0
DA:91,0
DA:92,0
DA:96,0
DA:97,0
DA:98,0
DA:99,0
DA:101,0
DA:102,0
DA:104,0
DA:108,0
DA:109,0
DA:110,0
DA:111,0
DA:123,0
DA:125,0
DA:149,0
DA:151,0
LF:64
LH:0
BRDA:16,0,0,0
BRDA:17,1,0,0
BRDA:31,2,0,0
BRDA:31,3,0,0
BRDA:31,3,1,0
BRDA:41,4,0,0
BRDA:41,4,1,0
BRDA:57,5,0,0
BRDA:58,6,0,0
BRDA:58,6,1,0
BRDA:58,6,2,0
BRDA:58,6,3,0
BRDA:73,7,0,0
BRDA:73,8,0,0
BRDA:73,8,1,0
BRDA:75,9,0,0
BRDA:75,9,1,0
BRDA:75,9,2,0
BRDA:75,9,3,0
BRDA:86,10,0,0
BRDA:101,11,0,0
BRDA:101,11,1,0
BRDA:109,12,0,0
BRDA:110,13,0,0
BRDA:125,14,0,0
BRDA:125,14,1,0
BRDA:125,14,2,0
BRDA:133,15,0,0
BRDA:141,16,0,0
BRDA:141,16,1,0
BRDA:154,17,0,0
BRDA:154,17,1,0
BRDA:155,18,0,0
BRDA:155,18,1,0
BRDA:156,19,0,0
BRDA:156,19,1,0
BRDA:169,20,0,0
BRDA:186,21,0,0
BRDA:186,21,1,0
BRDA:186,21,2,0
BRDA:186,21,3,0
BRF:41
BRH:0
end_of_record
TN:
SF:components/watchlist-table.tsx
FN:25,WatchlistTable
FN:31,(anonymous_6)
FN:37,(anonymous_8)
FN:55,(anonymous_11)
FN:64,(anonymous_12)
FN:67,(anonymous_13)
FN:81,(anonymous_14)
FN:103,(anonymous_15)
FN:106,(anonymous_16)
FN:128,(anonymous_18)
FN:131,(anonymous_19)
FN:145,(anonymous_20)
FN:170,(anonymous_21)
FN:196,(anonymous_23)
FN:251,(anonymous_24)
FN:263,(anonymous_25)
FN:265,(anonymous_26)
FN:279,(anonymous_27)
FN:283,(anonymous_28)
FN:285,(anonymous_29)
FNF:20
FNH:0
FNDA:0,WatchlistTable
FNDA:0,(anonymous_6)
FNDA:0,(anonymous_8)
FNDA:0,(anonymous_11)
FNDA:0,(anonymous_12)
FNDA:0,(anonymous_13)
FNDA:0,(anonymous_14)
FNDA:0,(anonymous_15)
FNDA:0,(anonymous_16)
FNDA:0,(anonymous_18)
FNDA:0,(anonymous_19)
FNDA:0,(anonymous_20)
FNDA:0,(anonymous_21)
FNDA:0,(anonymous_23)
FNDA:0,(anonymous_24)
FNDA:0,(anonymous_25)
FNDA:0,(anonymous_26)
FNDA:0,(anonymous_27)
FNDA:0,(anonymous_28)
FNDA:0,(anonymous_29)
DA:3,0
DA:12,0
DA:14,0
DA:15,0
DA:16,0
DA:17,0
DA:25,0
DA:26,0
DA:27,0
DA:28,0
DA:30,0
DA:31,0
DA:37,0
DA:56,0
DA:57,0
DA:58,0
DA:59,0
DA:67,0
DA:82,0
DA:106,0
DA:131,0
DA:146,0
DA:147,0
DA:171,0
DA:172,0
DA:173,0
DA:174,0
DA:175,0
DA:177,0
DA:178,0
DA:179,0
DA:180,0
DA:181,0
DA:182,0
DA:183,0
DA:185,0
DA:197,0
DA:198,0
DA:211,0
DA:225,0
DA:233,0
DA:251,0
DA:264,0
DA:266,0
DA:280,0
DA:283,0
DA:286,0
LF:47
LH:0
BRDA:25,0,0,0
BRDA:72,1,0,0
BRDA:74,2,0,0
BRDA:111,3,0,0
BRDA:113,4,0,0
BRDA:136,5,0,0
BRDA:138,6,0,0
BRDA:151,7,0,0
BRDA:151,7,1,0
BRDA:155,8,0,0
BRDA:160,9,0,0
BRDA:160,9,1,0
BRDA:178,10,0,0
BRDA:178,10,1,0
BRDA:180,11,0,0
BRDA:180,11,1,0
BRDA:182,12,0,0
BRDA:182,12,1,0
BRDA:225,13,0,0
BRDA:233,14,0,0
BRDA:250,15,0,0
BRDA:250,15,1,0
BRDA:270,16,0,0
BRDA:270,16,1,0
BRF:24
BRH:0
end_of_record
TN:
SF:components/ui/badge.tsx
FN:16,Badge
FNF:1
FNH:0
FNDA:0,Badge
DA:2,0
DA:10,0
DA:16,0
LF:3
LH:0
BRDA:16,0,0,0
BRF:1
BRH:0
end_of_record
TN:
SF:components/ui/button.tsx
FNF:0
FNH:0
DA:1,0
DA:2,0
DA:12,0
DA:20,0
DA:41,0
DA:43,0
LF:6
LH:0
BRDA:27,0,0,0
BRDA:27,1,0,0
BRF:2
BRH:0
end_of_record
TN:
SF:components/ui/card.tsx
FN:9,Card
FN:22,CardHeader
FN:26,CardTitle
FN:30,CardContent
FNF:4
FNH:0
FNDA:0,Card
FNDA:0,CardHeader
FNDA:0,CardTitle
FNDA:0,CardContent
DA:2,0
DA:9,0
DA:22,0
DA:26,0
DA:30,0
LF:5
LH:0
BRDA:9,0,0,0
BRDA:22,1,0,0
BRDA:26,2,0,0
BRDA:30,3,0,0
BRF:4
BRH:0
end_of_record
TN:
SF:components/ui/chart.tsx
FN:12,ChartContainer
FNF:1
FNH:0
FNDA:0,ChartContainer
DA:2,0
DA:3,0
DA:12,0
LF:3
LH:0
BRDA:15,0,0,0
BRDA:15,0,1,0
BRDA:15,1,0,0
BRDA:15,1,1,0
BRDA:17,2,0,0
BRDA:17,2,1,0
BRDA:18,3,0,0
BRDA:18,3,1,0
BRF:8
BRH:0
end_of_record
TN:
SF:components/ui/dropdown-menu.tsx
FNF:0
FNH:0
DA:1,0
DA:2,0
DA:3,0
DA:5,0
DA:6,0
DA:7,0
DA:8,0
DA:9,0
DA:10,0
DA:24,0
DA:43,0
DA:56,0
DA:59,0
DA:60,0
DA:61,0
DA:62,0
DA:63,0
DA:64,0
DA:65,0
LF:19
LH:0
BRDA:29,0,0,0
BRF:1
BRH:0
end_of_record
TN:
SF:components/ui/skeleton.tsx
FN:4,Skeleton
FNF:1
FNH:0
FNDA:0,Skeleton
DA:2,0
DA:4,0
LF:2
LH:0
BRF:0
BRH:0
end_of_record
TN:
SF:components/ui/table.tsx
FN:4,Table
FN:8,TableHeader
FN:17,TableBody
FN:26,TableRow
FN:30,TableHead
FN:34,TableCell
FNF:6
FNH:0
FNDA:0,Table
FNDA:0,TableHeader
FNDA:0,TableBody
FNDA:0,TableRow
FNDA:0,TableHead
FNDA:0,TableCell
DA:2,0
DA:4,0
DA:8,0
DA:17,0
DA:26,0
DA:30,0
DA:34,0
LF:7
LH:0
BRF:0
BRH:0
end_of_record
TN:
SF:components/ui/toast.tsx
FNF:0
FNH:0
DA:1,0
DA:2,0
DA:3,0
DA:5,0
DA:19,0
DA:34,0
DA:46,0
DA:58,0
DA:73,0
DA:75,0
LF:10
LH:0
BRF:0
BRH:0
end_of_record
TN:
SF:components/ui/toaster.tsx
FN:13,Toaster
FN:18,(anonymous_2)
FN:22,(anonymous_3)
FNF:3
FNH:0
FNDA:0,Toaster
FNDA:0,(anonymous_2)
FNDA:0,(anonymous_3)
DA:10,0
DA:11,0
DA:13,0
DA:14,0
DA:19,0
DA:23,0
LF:6
LH:0
BRDA:23,0,0,0
BRDA:28,1,0,0
BRDA:28,1,1,0
BRF:3
BRH:0
end_of_record
TN:
SF:components/ui/use-toast.ts
FN:12,emit
FN:13,(anonymous_5)
FN:16,toast
FN:23,dismiss
FN:24,(anonymous_8)
FN:28,useToast
FN:31,(anonymous_10)
FN:33,(anonymous_11)
FNF:8
FNH:0
FNDA:0,emit
FNDA:0,(anonymous_5)
FNDA:0,toast
FNDA:0,dismiss
FNDA:0,(anonymous_8)
FNDA:0,useToast
FNDA:0,(anonymous_10)
FNDA:0,(anonymous_11)
DA:1,0
DA:9,0
DA:10,0
DA:13,0
DA:16,0
DA:17,0
DA:18,0
DA:19,0
DA:20,0
DA:23,0
DA:24,0
DA:25,0
DA:28,0
DA:29,0
DA:31,0
DA:32,0
DA:33,0
DA:34,0
DA:38,0
LF:19
LH:0
BRF:0
BRH:0
end_of_record
TN:
SF:lib/api-client.ts
FN:22,(anonymous_4)
FN:37,(anonymous_5)
FN:42,(anonymous_6)
FN:43,(anonymous_7)
FN:83,(anonymous_8)
FN:86,(anonymous_9)
FN:88,(anonymous_10)
FN:91,(anonymous_11)
FN:97,(anonymous_12)
FN:101,(anonymous_13)
FN:103,(anonymous_14)
FN:105,(anonymous_15)
FN:108,(anonymous_16)
FN:110,(anonymous_17)
FN:118,(anonymous_18)
FN:120,(anonymous_19)
FN:123,(anonymous_20)
FN:125,(anonymous_21)
FN:129,(anonymous_22)
FN:131,(anonymous_23)
FN:134,(anonymous_24)
FN:136,(anonymous_25)
FNF:22
FNH:0
FNDA:0,(anonymous_4)
FNDA:0,(anonymous_5)
FNDA:0,(anonymous_6)
FNDA:0,(anonymous_7)
FNDA:0,(anonymous_8)
FNDA:0,(anonymous_9)
FNDA:0,(anonymous_10)
FNDA:0,(anonymous_11)
FNDA:0,(anonymous_12)
FNDA:0,(anonymous_13)
FNDA:0,(anonymous_14)
FNDA:0,(anonymous_15)
FNDA:0,(anonymous_16)
FNDA:0,(anonymous_17)
FNDA:0,(anonymous_18)
FNDA:0,(anonymous_19)
FNDA:0,(anonymous_20)
FNDA:0,(anonymous_21)
FNDA:0,(anonymous_22)
FNDA:0,(anonymous_23)
FNDA:0,(anonymous_24)
FNDA:0,(anonymous_25)
DA:6,0
DA:9,0
DA:12,0
DA:21,0
DA:24,0
DA:25,0
DA:26,0
DA:30,0
DA:31,0
DA:32,0
DA:35,0
DA:37,0
DA:41,0
DA:42,0
DA:44,0
DA:46,0
DA:48,0
DA:51,0
DA:52,0
DA:54,0
DA:56,0
DA:57,0
DA:59,0
DA:60,0
DA:64,0
DA:65,0
DA:67,0
DA:69,0
DA:71,0
DA:74,0
DA:78,0
DA:81,0
DA:83,0
DA:86,0
DA:88,0
DA:92,0
DA:98,0
DA:101,0
DA:103,0
DA:105,0
DA:108,0
DA:111,0
DA:112,0
DA:113,0
DA:118,0
DA:120,0
DA:123,0
DA:126,0
DA:129,0
DA:132,0
DA:134,0
DA:136,0
LF:52
LH:0
BRDA:9,0,0,0
BRDA:9,0,1,0
BRDA:24,1,0,0
BRDA:24,1,1,0
BRDA:25,2,0,0
BRDA:31,3,0,0
BRDA:44,4,0,0
BRDA:44,4,1,0
BRDA:48,5,0,0
BRDA:48,5,1,0
BRDA:48,5,2,0
BRDA:48,5,3,0
BRDA:48,5,4,0
BRDA:48,5,5,0
BRDA:48,5,6,0
BRDA:51,6,0,0
BRDA:69,7,0,0
BRDA:97,8,0,0
BRF:18
BRH:0
end_of_record
TN:
SF:lib/api.ts
FN:12,request
FN:212,getModelStatusSummary
FN:219,getDriftSummary
FN:223,getDashboard
FN:230,getHealth
FN:234,getFeatureImportance
FN:243,getModelExplainability
FN:252,getAsxAnnouncements
FN:257,sendAssistantChat
FN:265,getLoanSummary
FN:270,getPortfolioAttribution
FN:281,getPortfolioPerformance
FN:290,getModelCompare
FN:302,getSignalsLive
FNF:14
FNH:0
FNDA:0,request
FNDA:0,getModelStatusSummary
FNDA:0,getDriftSummary
FNDA:0,getDashboard
FNDA:0,getHealth
FNDA:0,getFeatureImportance
FNDA:0,getModelExplainability
FNDA:0,getAsxAnnouncements
FNDA:0,sendAssistantChat
FNDA:0,getLoanSummary
FNDA:0,getPortfolioAttribution
FNDA:0,getPortfolioPerformance
FNDA:0,getModelCompare
FNDA:0,getSignalsLive
DA:1,0
DA:2,0
DA:3,0
DA:8,0
DA:13,0
DA:14,0
DA:15,0
DA:16,0
DA:19,0
DA:24,0
DA:25,0
DA:26,0
DA:27,0
DA:28,0
DA:29,0
DA:32,0
DA:212,0
DA:213,0
DA:219,0
DA:220,0
DA:223,0
DA:224,0
DA:230,0
DA:231,0
DA:234,0
DA:239,0
DA:240,0
DA:243,0
DA:248,0
DA:249,0
DA:252,0
DA:253,0
DA:254,0
DA:257,0
DA:258,0
DA:265,0
DA:266,0
DA:267,0
DA:270,0
DA:276,0
DA:277,0
DA:278,0
DA:281,0
DA:286,0
DA:287,0
DA:290,0
DA:296,0
DA:297,0
DA:298,0
DA:299,0
DA:302,0
DA:303,0
DA:304,0
LF:53
LH:0
BRDA:2,0,0,0
BRDA:2,0,1,0
BRDA:3,1,0,0
BRDA:3,1,1,0
BRDA:3,2,0,0
BRDA:3,2,1,0
BRDA:8,3,0,0
BRDA:8,3,1,0
BRDA:8,4,0,0
BRDA:8,4,1,0
BRDA:12,5,0,0
BRDA:13,6,0,0
BRDA:13,6,1,0
BRDA:15,7,0,0
BRDA:24,8,0,0
BRDA:26,9,0,0
BRDA:26,9,1,0
BRDA:223,10,0,0
BRDA:235,11,0,0
BRDA:236,12,0,0
BRDA:244,13,0,0
BRDA:245,14,0,0
BRDA:252,15,0,0
BRDA:252,16,0,0
BRDA:265,17,0,0
BRDA:271,18,0,0
BRDA:273,19,0,0
BRDA:277,20,0,0
BRDA:282,21,0,0
BRDA:283,22,0,0
BRDA:291,23,0,0
BRDA:297,24,0,0
BRDA:298,25,0,0
BRDA:302,26,0,0
BRDA:302,27,0,0
BRF:35
BRH:0
end_of_record
TN:
SF:lib/design-tokens.ts
FNF:0
FNH:0
DA:6,18
LF:1
LH:1
BRF:0
BRH:0
end_of_record
TN:
SF:lib/utils.ts
FN:1,cn
FNF:1
FNH:0
FNDA:0,cn
DA:1,0
DA:2,0
LF:2
LH:0
BRF:0
BRH:0
end_of_record
TN:
SF:lib/stores/notification-store.ts
FN:36,(anonymous_3)
FN:40,(anonymous_4)
FN:48,(anonymous_5)
FN:54,(anonymous_6)
FN:55,(anonymous_7)
FN:56,(anonymous_8)
FN:62,(anonymous_9)
FN:70,(anonymous_10)
FN:71,(anonymous_11)
FN:72,(anonymous_12)
FN:77,(anonymous_13)
FN:78,(anonymous_14)
FN:79,(anonymous_15)
FN:81,(anonymous_16)
FN:90,(anonymous_17)
FN:97,(anonymous_18)
FN:98,(anonymous_19)
FN:111,(anonymous_20)
FN:121,(anonymous_21)
FN:131,(anonymous_22)
FN:141,(anonymous_23)
FNF:21
FNH:0
FNDA:0,(anonymous_3)
FNDA:0,(anonymous_4)
FNDA:0,(anonymous_5)
FNDA:0,(anonymous_6)
FNDA:0,(anonymous_7)
FNDA:0,(anonymous_8)
FNDA:0,(anonymous_9)
FNDA:0,(anonymous_10)
FNDA:0,(anonymous_11)
FNDA:0,(anonymous_12)
FNDA:0,(anonymous_13)
FNDA:0,(anonymous_14)
FNDA:0,(anonymous_15)
FNDA:0,(anonymous_16)
FNDA:0,(anonymous_17)
FNDA:0,(anonymous_18)
FNDA:0,(anonymous_19)
FNDA:0,(anonymous_20)
FNDA:0,(anonymous_21)
FNDA:0,(anonymous_22)
FNDA:0,(anonymous_23)
DA:6,0
DA:7,0
DA:34,0
DA:36,0
DA:41,0
DA:48,0
DA:55,0
DA:56,0
DA:57,0
DA:58,0
DA:61,0
DA:63,0
DA:71,0
DA:72,0
DA:78,0
DA:79,0
DA:80,0
DA:81,0
DA:91,0
DA:97,0
DA:99,0
DA:102,0
DA:110,0
DA:112,0
DA:122,0
DA:132,0
DA:142,0
LF:27
LH:0
BRDA:57,0,0,0
BRDA:57,1,0,0
BRDA:57,1,1,0
BRDA:63,2,0,0
BRDA:63,2,1,0
BRDA:83,3,0,0
BRDA:83,3,1,0
BRDA:83,4,0,0
BRDA:83,4,1,0
BRF:9
BRH:0
end_of_record
TN:
SF:lib/utils/export.ts
FN:14,exportToCSV
FN:28,(anonymous_9)
FN:30,(anonymous_10)
FN:74,exportHoldingsToCSV
FN:79,(anonymous_12)
FN:106,formatCurrency
FN:116,formatNumber
FN:123,formatPercent
FN:133,exportPortfolioToPDF
FN:141,(anonymous_17)
FN:142,(anonymous_18)
FN:175,(anonymous_19)
FN:204,(anonymous_20)
FN:224,(anonymous_21)
FN:271,(anonymous_22)
FNF:15
FNH:0
FNDA:0,exportToCSV
FNDA:0,(anonymous_9)
FNDA:0,(anonymous_10)
FNDA:0,exportHoldingsToCSV
FNDA:0,(anonymous_12)
FNDA:0,formatCurrency
FNDA:0,formatNumber
FNDA:0,formatPercent
FNDA:0,exportPortfolioToPDF
FNDA:0,(anonymous_17)
FNDA:0,(anonymous_18)
FNDA:0,(anonymous_19)
FNDA:0,(anonymous_20)
FNDA:0,(anonymous_21)
FNDA:0,(anonymous_22)
DA:6,0
DA:7,0
DA:14,0
DA:15,0
DA:16,0
DA:17,0
DA:21,0
DA:24,0
DA:29,0
DA:31,0
DA:34,0
DA:35,0
DA:39,0
DA:42,0
DA:47,0
DA:50,0
DA:57,0
DA:58,0
DA:59,0
DA:60,0
DA:61,0
DA:62,0
DA:63,0
DA:64,0
DA:65,0
DA:66,0
DA:74,0
DA:79,0
DA:80,0
DA:81,0
DA:83,0
DA:100,0
DA:106,0
DA:107,0
DA:116,0
DA:117,0
DA:123,0
DA:124,0
DA:133,0
DA:138,0
DA:141,0
DA:142,0
DA:143,0
DA:144,0
DA:147,0
DA:148,0
DA:149,0
DA:152,0
DA:153,0
DA:154,0
DA:161,0
DA:162,0
DA:163,0
DA:165,0
DA:166,0
DA:167,0
DA:168,0
DA:173,0
DA:174,0
DA:175,0
DA:181,0
DA:182,0
DA:183,0
DA:184,0
DA:186,0
DA:187,0
DA:188,0
DA:189,0
DA:190,0
DA:191,0
DA:192,0
DA:197,0
DA:199,0
DA:200,0
DA:201,0
DA:204,0
DA:205,0
DA:206,0
DA:208,0
DA:222,0
DA:224,0
DA:234,0
DA:273,0
DA:274,0
DA:275,0
DA:281,0
DA:282,0
DA:283,0
DA:284,0
DA:285,0
DA:286,0
DA:295,0
LF:92
LH:0
BRDA:15,0,0,0
BRDA:34,1,0,0
BRDA:34,2,0,0
BRDA:34,2,1,0
BRDA:42,3,0,0
BRDA:43,4,0,0
BRDA:43,4,1,0
BRDA:43,4,2,0
BRDA:76,5,0,0
BRDA:94,6,0,0
BRDA:94,6,1,0
BRDA:123,7,0,0
BRDA:136,8,0,0
BRDA:169,9,0,0
BRDA:169,9,1,0
BRDA:175,10,0,0
BRDA:175,10,1,0
BRDA:181,11,0,0
BRDA:191,12,0,0
BRDA:197,13,0,0
BRDA:197,13,1,0
BRDA:214,14,0,0
BRDA:214,14,1,0
BRDA:215,15,0,0
BRDA:215,15,1,0
BRDA:228,16,0,0
BRDA:228,16,1,0
BRDA:229,17,0,0
BRDA:229,17,1,0
BRDA:273,18,0,0
BRDA:273,19,0,0
BRDA:273,19,1,0
BRF:32
BRH:0
end_of_record
